
Oracle DARB XHTML Converter - Version 5.1 Build 128


December 9, 2008 7:52:53
Processing - C:\Documents and Settings\skoehler\My Documents\BEA_Post_Conversion_Susan\tx\rt\xml\tx.xml
document mode.
-------------------------------------------------------------
Creating Support Directories and Files 

Building Cross-Reference targets for - title.e01
Building Cross-Reference targets for - preface.e02
Building Cross-Reference targets for - txc01.e03
Building Cross-Reference targets for - txc02.e04
Building Cross-Reference targets for - txc03.e05
Building Cross-Reference targets for - txc04.e06
Building Cross-Reference targets for - txc05.e07
Building Cross-Reference targets for - txxa.e08
Building Cross-Reference targets for - txxb.e09
Processing - title.e01
Processing - preface.e02
Processing - txc01.e03
Processing - txc02.e04
Processing - txc03.e05
Processing - txc04.e06
Processing - txc05.e07
Processing - txxa.e08
Processing - txxb.e09
Converted in 2 secs

Tidying HTML files.

Document statistics for tx.xml
***********************************************************************
Formal          Examples                                           = 11
Informal        Examples                                           = 92

Formal          Figures                                            = 7
Informal        Figures                                            = 0

Formal          Tables                                             = 1
Informal        Tables                                             = 1

Number of Index Entries                                            = 0
Number of Cross-References                                         = 59
Number of Circular Cross-References                                = 0
Number of Cross-Doc Links                                          = 0
Number of Note, Caution, and Warning elements in the document      = 8
All Graphics have associated AltText or a description file.
All Tables have a Title and a Summary attribute.
Run time (seconds)                                                 = 3
***********************************************************************

Processing completed for tx.xml
December 9, 2008 7:52:56